make.exe all --print-data-base --no-builtin-variables --no-builtin-rules --question
make: *** No rule to make target 'all'.  Stop.

# GNU Make 4.3
# Built for Windows32
# Copyright (C) 1988-2020 Free Software Foundation, Inc.
# License GPLv3+: GNU GPL version 3 or later <http://gnu.org/licenses/gpl.html>
# This is free software: you are free to change and redistribute it.
# There is NO WARRANTY, to the extent permitted by law.

# Make data base, printed on Tue Jun 14 16:57:11 2022

# Variables

# environment
FPS_BROWSER_APP_PROFILE_STRING = Internet Explorer
# environment
SCE_PROSPERO_SDK_DIR = C:\Program Files (x86)\SCE\Prospero SDKs\4.000
# environment
SYSTEMDRIVE = C:
# environment
LC_ALL = C
# environment
USERPROFILE = C:\Users\thepr
# environment
VBOX_MSI_INSTALL_PATH = C:\Program Files\Oracle\VirtualBox\
# environment
LOCALAPPDATA = C:\Users\thepr\AppData\Local
# environment
VSCODE_IPC_HOOK_EXTHOST = \\.\pipe\vscode-ipc-e8c27407-c0e8-4a43-b9df-d3855578f058-sock
# environment
VSCODE_CWD = C:\Users\thepr\AppData\Local\Programs\Microsoft VS Code
# environment
CHOCOLATEYINSTALL = C:\ProgramData\chocolatey
# environment
SYSTEMROOT = C:\WINDOWS
# environment
PROCESSOR_LEVEL = 6
# environment
PSMODULEPATH = C:\Program Files\WindowsPowerShell\Modules;C:\WINDOWS\system32\WindowsPowerShell\v1.0\Modules;C:\Program Files\Intel\Wired Networking\
# default
MAKE_COMMAND := C:/ProgramData/chocolatey/lib/make/tools/install/bin/make.exe
# environment
GOPATH = C:\dev\go
# automatic
@D = $(patsubst %/,%,$(patsubst %\,%,$(dir $@)))
# environment
CHROME_CRASHPAD_PIPE_NAME = \\.\pipe\crashpad_5692_CVDOAKYOBZALTKXL
# environment
FPS_BROWSER_USER_PROFILE_STRING = Default
# environment
VSCODE_HANDLES_UNCAUGHT_ERRORS = true
# default
.VARIABLES := 
# environment
JETBRAINS RIDER = C:\Program Files\JetBrains\JetBrains Rider 2022.1.1\bin;
# automatic
%D = $(patsubst %/,%,$(patsubst %\,%,$(dir $%)))
# automatic
^D = $(patsubst %/,%,$(patsubst %\,%,$(dir $^)))
# environment
SCE_PROSPERO_FSD = P:
# environment
VSCODE_LOG_STACK = false
# automatic
%F = $(notdir $%)
# environment
VSCODE_CODE_CACHE_PATH = C:\Users\thepr\AppData\Roaming\Code\CachedData\4af164ea3a06f701fe3e89a2bcbb421d2026b68f
# environment
LANG = C
# default
.LOADED := 
# environment
TMP = C:\Users\thepr\AppData\Local\Temp
# environment
UE_SDKS_ROOT = C:\Users\thepr\Documents\AutoSdks
# default
.INCLUDE_DIRS = .
# environment
PROCESSOR_ARCHITEW6432 = AMD64
# makefile
MAKEFLAGS = pqrR
# environment
ONEDRIVE = C:\Users\thepr\OneDrive
# makefile
CURDIR := c:/Users/thepr/Documents/lands
# environment
VSCODE_PIPE_LOGGING = true
# environment
APPLICATION_INSIGHTS_NO_DIAGNOSTIC_CHANNEL = 1
# automatic
*D = $(patsubst %/,%,$(patsubst %\,%,$(dir $*)))
# environment
PROGRAMFILES = C:\Program Files (x86)
# environment
MFLAGS = -pqrR
# default
.SHELLFLAGS := -c
# environment
COMMONPROGRAMW6432 = C:\Program Files\Common Files
# automatic
+D = $(patsubst %/,%,$(patsubst %\,%,$(dir $+)))
# makefile (from 'Makefile', line 1)
MAKEFILE_LIST := Makefile
# automatic
@F = $(notdir $@)
# environment
VSCODE_VERBOSE_LOGGING = true
# environment
VSCODE_PID = 5692
# automatic
?D = $(patsubst %/,%,$(patsubst %\,%,$(dir $?)))
# automatic
*F = $(notdir $*)
# environment
XMAKE_RCFILES = C:\Users\thepr\Documents\spiritcrossing\SpiritCrossing\Build\xmake\sf-clang.lua
# automatic
<D = $(patsubst %/,%,$(patsubst %\,%,$(dir $<)))
# environment
VSCODE_NLS_CONFIG = {"locale":"en-us","availableLanguages":{},"_languagePackSupport":true}
# environment
ONEDRIVECONSUMER = C:\Users\thepr\OneDrive
# default
MAKE_HOST := Windows32
# environment
PROGRAMDATA = C:\ProgramData
# default
SHELL := sh.exe
# environment
HOMEPATH = \Users\thepr
# default
MAKECMDGOALS := all
# environment
DRIVERDATA = C:\Windows\System32\Drivers\DriverData
# environment
COMSPEC = C:\WINDOWS\system32\cmd.exe
# environment
WINDIR = C:\WINDOWS
# environment
MAKELEVEL := 0
# default
MAKE = $(MAKE_COMMAND)
# environment
PATH = C:\Users\thepr\AppData\Local\Programs\Python\Python310\Scripts\;C:\Users\thepr\AppData\Local\Programs\Python\Python310\;C:\Program Files (x86)\SCE\Prospero\Tools\Publishing Tools\bin;C:\Program Files (x86)\SCE\Common\SceVSI-VS16\bin;C:\Program Files (x86)\SCE\Prospero\Tools\Target Manager Server\bin;C:\Program Files (x86)\SCE\Prospero SDKs\4.000\host_tools\bin;C:\Program Files (x86)\Razer Chroma SDK\bin;C:\Program Files\Razer Chroma SDK\bin;C:\Program Files (x86)\Razer\ChromaBroadcast\bin;C:\Program Files\Razer\ChromaBroadcast\bin;C:\WINDOWS\system32;C:\WINDOWS;C:\WINDOWS\System32\Wbem;C:\WINDOWS\System32\WindowsPowerShell\v1.0\;C:\WINDOWS\System32\OpenSSH\;C:\WINDOWS\system32\config\systemprofile\AppData\Local\Microsoft\WindowsApps;C:\Program Files\CMake\bin;C:\Program Files\LLVM\bin;C:\Users\thepr\AppData\Local\Programs\Python\Python39;C:\Users\thepr\AppData\Local\Programs\Python\Python39\scripts;C:\Program Files\NVIDIA Corporation\NVIDIA NvDLISR;C:\Program Files\PuTTY\;C:\Program Files\dotnet\;C:\HashiCorp\Vagrant\bin;C:\Program Files\Docker\Docker\resources\bin;C:\ProgramData\DockerDesktop\version-bin;C:\ProgramData\chocolatey\bin;C:\Program Files\Git\cmd;C:\Program Files (x86)\NVIDIA Corporation\PhysX\Common;C:\WINDOWS\system32;C:\WINDOWS;C:\WINDOWS\System32\Wbem;C:\WINDOWS\System32\WindowsPowerShell\v1.0\;C:\WINDOWS\System32\OpenSSH\;C:\Program Files\Go\bin;C:\Program Files\OpenSSL\bin;C:\Program Files\Perforce\;C:\Program Files\nodejs\;C:\Users\thepr\AppData\Local\Pub\Cache\bin;E:\src\flutter\bin;C:\Users\thepr\.cargo\bin;C:\Program Files\MySQL\MySQL Shell 8.0\bin\;C:\Users\thepr\AppData\Local\Programs\;C:\Users\thepr\AppData\Local\Microsoft\WindowsApps;C:\Users\thepr\AppData\Local\Programs\Microsoft VS Code\bin;C:\Users\thepr\.dotnet\tools;C:\Program Files\JetBrains\Rider for Unreal Engine 2021.3\bin;;C:\Program Files\JetBrains\JetBrains Rider 2022.1.1\bin;;C:\Users\thepr\AppData\Local\Microsoft\WindowsApps;C:\Users\thepr\go\bin;C:\Users\thepr\.dotnet\tools;C:\Program Files\OpenSSL-Win64\bin;C:\Users\thepr\AppData\Roaming\npm;C:\Users\thepr\AppData\Local\Keybase\;C:\Users\thepr\AppData\Roaming\Pub\Cache\bin;C:\Users\thepr\AppData\Local\Pub\Cache\bin;
# environment
ZES_ENABLE_SYSMAN = 1
# environment
COMPUTERNAME = NOMAI
# default
MAKEFILES := 
# environment
SCE_SCREAM_TOOL = C:\Program Files (x86)\SCE\Prospero\Tools\Scream Tool\screamtool_siei\
# automatic
^F = $(notdir $^)
# environment
RIDER FOR UNREAL ENGINE = C:\Program Files\JetBrains\Rider for Unreal Engine 2021.3\bin;
# environment
PROMPT = $P$G
# environment
OPENSSL_CONF = C:\Program Files\OpenSSL-Win64\bin\openssl.cfg
# environment
CHOCOLATEYLASTPATHUPDATE = 132993750992266949
# environment
LOGONSERVER = \\NOMAI
# environment
VSCODE_LOG_NATIVE = false
# environment
USERNAME = thepr
# environment
COMMONPROGRAMFILES = C:\Program Files (x86)\Common Files
# automatic
?F = $(notdir $?)
# environment
PROGRAMW6432 = C:\Program Files
# environment
PATHEXT = .COM;.EXE;.BAT;.CMD;.VBS;.VBE;.JS;.JSE;.WSF;.WSH;.MSC;.PY;.PYW
# automatic
+F = $(notdir $+)
# environment
ORIGINAL_XDG_CURRENT_DESKTOP = undefined
# environment
USERDOMAIN = NOMAI
# 'override' directive
GNUMAKEFLAGS := 
# environment
OS = Windows_NT
# makefile
.DEFAULT_GOAL := serve
# default
MAKE_VERSION := 4.3
# environment
PROGRAMFILES(X86) = C:\Program Files (x86)
# environment
USERDOMAIN_ROAMINGPROFILE = NOMAI
# environment
NUMBER_OF_PROCESSORS = 24
# environment
PUBLIC = C:\Users\Public
# environment
APPDATA = C:\Users\thepr\AppData\Roaming
# environment
HOMEDRIVE = C:
# environment
PROCESSOR_ARCHITECTURE = x86
# environment
VSCODE_AMD_ENTRYPOINT = vs/workbench/api/node/extensionHostProcess
# environment
COMMONPROGRAMFILES(X86) = C:\Program Files (x86)\Common Files
# environment
ELECTRON_RUN_AS_NODE = 1
# environment
TEMP = C:\Users\thepr\AppData\Local\Temp
# environment
VSCODE_IPC_HOOK = \\.\pipe\dcb242a05b95b710c7dc62cbbc25d20b-1.68.0-main-sock
# default
.RECIPEPREFIX := 
# automatic
<F = $(notdir $<)
# default
SUFFIXES := 
# environment
ALLUSERSPROFILE = C:\ProgramData
# environment
SESSIONNAME = Console
# environment
SCE_PROSPERO_SAMPLE_DIR = C:\Program Files (x86)\SCE\Prospero SDKs\4.000\target\samples
# default
.FEATURES := target-specific order-only second-expansion else-if shortest-stem undefine oneshell nocomment grouped-target extra-prereqs archives jobserver output-sync load
# environment
PROCESSOR_REVISION = 9702
# environment
SCE_ROOT_DIR = C:\Program Files (x86)\SCE
# environment
CHOCOLATEYTOOLSLOCATION = C:\tools
# environment
PROCESSOR_IDENTIFIER = Intel64 Family 6 Model 151 Stepping 2, GenuineIntel
# variable set hash-table stats:
# Load=111/1024=11%, Rehash=0, Collisions=15/138=11%

# Pattern-specific Variable Values

# No pattern-specific variable values.

# Directories

# . (key c:/Users/thepr/Documents/lands, mtime 1655143541): 16 files, no impossibilities.

# 16 files, no impossibilities in 1 directories.

# Implicit Rules

# No implicit rules.

# Files

# Not a target:
Makefile:
#  Implicit rule search has been done.
#  Last modified 2022-06-14 13:18:20
#  File has been updated.
#  Successfully updated.

# Not a target:
.DEFAULT:
#  Implicit rule search has not been done.
#  Modification time never checked.
#  File has not been updated.

# Not a target:
all:
#  Command line target.
#  Implicit rule search has been done.
#  File does not exist.
#  File has not been updated.

serve_d:
#  Implicit rule search has not been done.
#  Modification time never checked.
#  File has not been updated.
#  recipe to execute (from 'Makefile', line 5):
	webdev serve --debug-extension

serve:
#  Phony target (prerequisite of .PHONY).
#  Implicit rule search has not been done.
#  File does not exist.
#  File has not been updated.
#  recipe to execute (from 'Makefile', line 2):
	dart run build_runner serve

.PHONY: serve
#  Implicit rule search has not been done.
#  Modification time never checked.
#  File has not been updated.

# files hash-table stats:
# Load=7/1024=1%, Rehash=0, Collisions=0/18=0%
# VPATH Search Paths

# No 'vpath' search paths.

# No general ('VPATH' variable) search path.

# strcache buffers: 1 (0) / strings = 22 / storage = 203 B / avg  
= 9 B
# current buf: size = 8174 B / used = 203 B / count = 22 / avg = 9 B

# strcache performance: lookups = 30 / hit rate = 26%
# hash-table stats:
# Load=22/8192=0%, Rehash=0, Collisions=0/30=0%
# Finished Make data base on Tue Jun 14 16:57:11 2022

 
